688483599138841
529932140265025
801706719709476
863523537264441
12190397675625
465433635835921
223146443219569
17179869184
630096698382529
728374652165889
691670222541376
997574323360000
588372989472801
722266968750625
819628286980801
296196766695424
975810519817156
82177615344969
798908189921296
443734646300100
824563055622436
22876792454961
704547677362489
979495386265881
774563002464784
17592186044416
520939814699236
22876792454961
358673448632976
562326382950084
340692152791104
61918705896336
998284530200881
100357939730161
386992383982884
654536962566400
255455809510225
970194540018916
716900357250025
673269019815184
947874220204356
664334696145481
262814288556304
614349166900624
22876792454961
601718299822809
909720485834329
557717156353296
838277714556676
408710915560000
242489364084900
414448164000000
546258283764561
650684796658576
642106629671329
778070884542084
257506529940100
69981975063529
996139202558929
660407094401769
73889599960836
919418104760464
17592186044416
420707233300201
368888297796225
725380725349449
420089131397776
476837158203125
573863632613401
430204927269924
590490000000000
487098627636721
813012953077924
915771394741225
369071896027536
119951758158001
998284530200881
216230054886169
826883151091776
50858648825625
440974002383161
856770717257316
950296653841924
749358377596921
82813057628224
31381059609
274877906944
164768774940441
31742699692356
999999961946176
653729220560641
249753804567201
562949953421312
480797670555801
266534096560384
150983885002500
878372692846609
158615913906961
577925013685041
165606167865636
382780616448400
592789166896644
969942756361216
263751501623184
783744436830096
590283176513536
854376472818961
539736557237361
173691391715209
317286973127601
362397393680644
370124576458884
792749862002596
127440030856356
572988011860224
205891132094649
212007752556196
590710810438849
104884020864100
838591826402500
176494253992996
746067379006756
216869684438016
150034644792769
357800869140625
734309625029904
285242273039689
171440815918681
551029521064324
379749833583241
60543494140900
4225392691776
550323461132676
919519807252225
103055368321161
895509156153481
249175822372416
99048772905625
248620079471481
810081516248761
948742443565569
342335845382400
193193987531776
910941232330809
832094946755136
611935742902225
407242691865025
744727835248804
39334622279824
352507534233856
223462645076889
219104236708900
489509916766641
385238520720036
769004145893776
847013595836004
900106323139984
717189288552100
11214662368900
975123905196676
248676373314576
940299110504209
17592186044416
998284530200881
155717180011561
970749613491025
551745523261696
531987213263104
767546634255424
956178618491044
208760221440369
16534641170961
547809800083569
895823995441761
589685215399225
36167450267844
737003262022416
57574875771721
916748563956736
400844405167801
973860059706361
237661319047824
586417997812761
598791911550625
50015234901025
503778922800400
483903732787344
806485366526596
676303922152336
840609705292900
567824863013776
717947856113401
412950356592400
940299110504209
94382177072401
298445457029476
67080424389696
208056074374201
419422986272761
45492367508809
976929722015625
359613118587024
31478596715241
688960391283025
217123997176384
801742283022916
299166940452249
165363885453321
116113878628225
75105310334224
8589934592
175100405967601
890004010714225
920994730931025
186856597202500
727058859912841
609523365429729
712438627870116
379749833583241
584582743997316
51359983561744
212173687189489
708674978902500
312161686937604
52707629040004
436542980619321
999706081460641
731869408017225
35921251112356
549755813888
859894160898304
179131937824324
626708315744449
656455676774881
200427387788644
912908396211876
754437187680400
754879196754225
787461588568516
927164620586884
404764584412644
262681856896369
1202257425625
2541865828329
126464104131876
936586331275204
148151376345025
353313562509769
36149374629225
420707233300201
265194776179204
904439220618816
633920001461824
17592186044416
440529305664100
460933977013129
16094459004100
291642065055961
126131542488900
332957132834769
71097325477929
93607753512100
976566562504225
100000000000000
727867034538121
115014621413169
82660008980025
554387697702721
168597707692324
842862714281604
872233883363236
708560353727209
18325257201601
637565833004356
590490000000000
31548655678761
601759559900944
295402146929289
31381059609
999706081460641
932235388200900
486033788038276
588803813478400
587966522416441
265829676752656
27189435493801
297449523225625
30268790917264
164927597347396
871564957353841
465376553017744
640002110817169
704580538372096
453908052993924
569276456035225
420707233300201
112790984496100
249403940630784
194397126513769
26656982041600
804613049952804
619746984299524
160040716518400
311491224984996
134785575258961
610932560702500
694516133298276
226003957431184
351011878266721
8402160227904
394607696620225
376841157285609
49295086934116
903756852377401
809154776357316
171325193265625
195452422984900
919049730483889
976929722015625
222325783611649
894610074061089
187273148909284
50228219572969
376142712571201
114369207477316
780491893171225
218312120101321
759226553132356
249384389864281
806940036756100
206263999267236
938383568504209
7474766936004
909517509771264
187071817856400
408692801687104
956278932537600
954238435562500
8589934592
582450728288256
712922147162404
156918939439441
556739220283684
725669797951081
989669121426049
811565517264121
462443047151121
397623899179081
554548618908736
997574323360000
841111885721041
546996018098916
286499428574436
772848896025600
562949953421312
600659366772609
979467469638025
58060437667600
980846187319296
799206921981504
546712967027236
4194304
590490000000000
562090174650481
882681010162704
50852273442084
841360624651089
349358452823689
847769465823361
40859926799329
961492156995969
303046402099984
632275500817921
204667358440000
387223290440100
300160337418496
124625830996836
995686217814016
863180228045041
139165009299684
255337037774361
996864495531921
545567340608689
13164176293009
39573447492049
709625452329616
734834393093241
966321552718369
71358735708100
394210899015025
773314896931600
492089792511409
879196626562500
563032173433401
360793309593600
311035303533249
698556952131984
205891132094649
67108864
566712780832900
108018294444225
945826230386944
650806580049921
561538851569721
447773235386409
923101714342921
299348442252721
902254229777209
605890446684964
223190632268356
553855745539600
545573600405289
475810982600464
15445324442916
845417323275721
537238458344025
188952763428081
867827437305921
118075128272644
268770482196841
735045469805284
562538211180544
652889475096804
394002769347009
999706081460641
190027658642704
619935899814144
940299110504209
303257531032681
296605585062081
886565214810025
643156735486225
721753585782784
803009315581561
813169270951129
2541865828329
77930229396100
466054740066601
660159385183489
255085586017201
538953775682884
845569746857124
301736632642624
12269832020224
894978842942809
915228580035025
850377860015121
321369082632900
673127769426436
586128603068649
384264043843716
567284738707600
572862396487936
998344310048569
749245380288409
634597363558656
626207082256900
257756474601616
583553643491025
797852559808656
776001194812804
997574323360000
37848026805625
450998318831841
554954958180324
977349095831889
861865800717601
830674769602041
80987094514089
675353170803364
205891132094649
677413161774244
862300523422116
782346968257156
260628025664484
688875822645136
807442572505156
428168630679696
637581841646689
301938269129641
456847576764049
618150768319044
803812598824921
655368806429584
336327026886841
765131861474289
119561059622404
999706081460641
686635046653284
583913152847025
220619302921081
628017934401796
391422325084816
871197384698809
383359091475364
17592186044416
528271381064025
648945106308801
73608952748356
959883146684361
749410937387641
421218895809924
751734605292841
996864495531921
920935310711056
424730592474049
966723905889856
181922448306769
531931536176881
998012889360964
77235710908225
228346552099600
4194304
161828522361856
486435375878400
381202390604025
487042394107369
34573953121444
157148437804996
435159041737156
100000000000000
682610148522481
342497019555625
80025834752656
681489977361769
58816107135556
575893012968441
955986045112576
624296148274561
846598921755129
215665055720521
600472970702500
67108864
308107212198289
785949898900804
379749833583241
653341205091600
500073579405625
690432169957776
242949581185600
677086820475664
325847626562500
918765511211025
709265554561600
171584429752576
228127765002201
579636056199424
681161193874225
917260452270864
57132842125129
919184519619136
397300210976881
438844763698884
158295677196721
988526734314025
31381059609
87845443308100
616524629247396
839627990032225
476837158203125
851882661846841
969950729217024
274838704627600
948298335569209
347884383452281
10834189490089
296196766695424
996864495531921
998003601528025
586560348504064
179056031717124
258947572055104
67108864
229360847672896
360083300691321
441561634703424
508991952722500
828013688901529
786612893424400
871868590911241
682068020410624
976929722015625
438707393387649
478334079722500
343743391541124
615423467752900
2641073519044
408103349658624
832578476878096
458653493942809
781123962474025
692496277224976
821802106402281
164403350628169
50957568340849
326283095902864
631784713667584
353389805782225
79302676092025
65477389076100
440661796866916
528146860250916
872141150305296
528710239690000
643034909245689
816152335824400
220988798638864
317508635587984
660381550452100
495562717292644
713919175578756
755261753064676
998284530200881
119730974887225
585916154547025
711273218126436
470817871962244
161589020262289
321241313318436
922417564483584
67108864
976406506230016
6937771621225
511901892312001
39764122574400
537554472818841
205891132094649
936581801933376
77655961556644
8589934592
738529377754609
566901909328804
708693347477025
935583165988416
639893990607876
704999623245241
656975586456225
857682154736521
301311134355856
635901527199744
660878949644356
621985543571044
445002779917921
100717422141249
885365380908100
704811808117264
534587161141881
465279826559716
237573115347649
922417564483584
291411871224100
720620308074384
381038988848400
84117145971600
264365421825124
741938769533809
707893443675289
56269156630729
262173545267076
812206224589824
790985362789444
874768938179049
540833582477241
770824259293284
358203279735081
995686217814016
469114186993936
750466191151044
722622085220161
624384501609969
607824597501801
473853486366976
191621976732081
598491601671744
843758882910784
134519055115225
581073442866225
67108864
774677336316676
958468597212736
995686217814016
127945711293481
396806360160001
737214052642596
819628286980801
420707233300201
89596598940304
699231614368144
410699650307076
272461703139396
910386032140816
915801898803961
4194304
145890766175625
899502308823616
619918520774569
257311178610084
476837158203125
223704759438169
317874845612025
307880890506225
700742112313156
964493583352209
369659571200089
21961754477569
339407223768064
993628918734400
149158223911225
345347735929156
694909702099600
479962961515249
77193989292121
323186802895609
666698943224196
863737772821056
221887866601801
674057896890625
519766586592100
346533005467609
849575123990784
820894413075025
656139546878841
476837158203125
733132465863561
940971330665536
810784052032900
251950414718916
813187464339364
344503816342596
171867144455721
916736271188409
776384551687684
661112600652100
691205954313616
494691750938889
666215361077904
826741392178321
714960805040001
501174142312561
493824661731556
426553926725124
625002250002025
973393762149081
144000576000576
784794841356100
835197457447089
199992571948129
924048070589281
57710276305984
366483317212516
595494549201049
31381059609
998284530200881
282341111454081
107307389309184
420116924536516
590742552598416
880414706399089
540884746511041
763893426058884
35145807992100
913684949837284
225137270930625
372253188050496
101050966912921
703375693755361
881651029226881
776775249593344
524477190752089
947222313258529
43318116722500
8260858937241
646573724818596
940299110504209
905628913881561
202206921122704
851130503087881
237886388156356
491146620301584
780071102641009
223687200542976
466759907809129
443042593724929
652500227399056
694956256652529
832181602563364
746226192413881
80135851170769
48677315009569
365745697021441
274877906944
999706081460641
998995116189456
356840902794289
322681835442409
68121236166481
876057646189441
562949953421312
132137094108100
833131592832361
576776661630625
274877906944
890477462675161
964987255291536
990126651173284
17179869184
599615519754304
168224868843409
396615987648400
435118948845025
174619125208609
398624264942929
819628286980801
398783566228356
682709329491849
17128970128656
609316641235600
576100228359744
816449359722084
58215007775376
279528237933604
464711664637584
4194304
513015387924649
246503376581476
112089227328400
9204767652096
259418923481169
188260594363297
993224849320900
186725119267600
822056976599296
495642727411225
313588528481761
549755813888
946406160601225
419831904040000
147352431932161
776384105868900
237904187284449
166457268956224
198346155265764
94342757520400
122600433410064
493713646030224
509656270522624
874813362635536
612361348516096
391521095019664
285553455398929
685028493956401
387367543539025
388787653854601
1301796567369
954439977456144
184190009442244
17592186044416
23383820405124
341875884292996
166128512137225
332258890320900
2541865828329
458697912210756
275550206087025
26289236053809
539991584322961
499587093588025
11793606009124
733440248738404
681160828487364
281998904309329
140684981544900
362787789966121
345262888725001
22876792454961
888373016414569
545102580994624
474203539726225
742520971580644
646650264803761
722714614755904
404286542906884
338764270802500
887368554167824
121665201738025
696574243792249
945560286001296
922426736647441
759556080402025
359033866379721
450373581108049
254051944146049
916693640748601
702098322191044
818252546952996
110023064899344
680719199635216
713189445238449
448388332733124
290805729862729
939806522437696
798779306883856
199903459793284
362330273250625
730816448102689
699854802843361
17592186044416
781494604800625
589675744897600
826498906223236
846152118625636
623595040453225
515115224822500
420707233300201
834831452902500
857009348177284
422951019087529
541523849542225
444772113923641
824814275376400
577314316897956
439876166900625
11627104301316
2541865828329
853782160641601
350727571309284
272164734677056
191482522473841
353317923343009
437633680732416
933027875705025
172567316974144
454296826777600
555273312520644
774242701097089
458969908557889
738449047987561
53548777196209
469004425380100
667972812328900
612151125089344
957758030847556
979239832524864
461735347328784
900478263520900
448090574422500
135900756891904
39389996061025
8589934592
470444257334529
561786273524961
170168502868225
442466723521449
296196766695424
702557910744481
83579784271204
985375920927204
203446490860089
407024047976569
605477480028304
336551132808900
130797946776249
302728054442724
716356231988224
145028453786176
677993327273025
205891132094649
966767311065924
774787225000000
326967222595225
103101096284641
367581305208100
265273405030656
188817471941569
562949953421312
767607751890225
720660951026641
582064213764049
252908875865881
952843672203556
329214860429841
67816064972601
116403340965444
657498112259076
293500181631409
410413183443649
200097518409889
440598193565761
185890564320561
335287886913424
183368809807876
881875163282689
259025880906961
397133952368400
2541865828329
645314746078116
950488221740121
197871908223025
324757774555369
558461025968400
204796020004416
995686217814016
958468597212736
605591610130441
153515519659044
770151025044025
448008361099264
240214413317904
727170441345604
762654060580864
5659346007844
861457368152836
934066161750016
461205862295616
69155989056064
176943177396001
22664369225521
651878172929025
84534913438369
209656904857156
554517864529209
526140879693121
14479623144100
106219407438400
872256033708361
177234451321249
990057741223489
877984782732864
189410535022500
319147791925264
558151209050176
822746442172249
973264039952400
497237462587684
341635114423876
795261037339129
195399552574521
446944967591329
377051539374225
461955324977316
425709959907600
997574323360000
264345585829264
806683544730625
551393710187076
68095900096576
167342295127225
453773968484841
614681692200625
62636888436409
678821233423204
283024768755600
746134901320900
211317333150564
177076435298049
144525093815881
31381059609
145920649976644
927315412037316
827626477176004
400063442515396
336389823310489
538066153240009
909245503075204
489255513812641
106134912752400
132919178367364
22141965525625
922891661073424
159792934291929
999157771834849
39359888872516
690702367001089
958800817611081
379749833583241
601988012277136
499927116902500
969815755678225
353669021088100
714278274220225
297946677921424
486646776645184
549755813888
313475240173824
962867726612100
67766235600625
341782368845449
506685468605625
544684835418256
314154071769664
308170792382436
599753242819600
17785669897636
500070761756644
611588479999225
850968069221449
220676253990976
362438856881929
791245085388241
745727191696036
751367964632464
549755813888
35357853385009
51679276768900
691705990492416
519398685702400
377024354923225
429560816770801
408273949524100
223562513328049
549755813888
754098667174449
268285759883761
431720671296321
845378594406025
786766652508321
312343871602009
937315759365769
191824328204356
608090792293009
931467653202025
692899855186081
411466701068164
324019404290521
387578126496016
768622671162025
882125640360000
17076366110736
53480583293764
709889467350001
613297597403716
192305254251889
548938002689476
757476006487524
951469793577216
964709685170176
39492099707076
331176994596361
998284530200881
748896095113156
764306845210000
981039619688704
982044233632225
986489349431184
277215507044100
102095019307264
817740995861241
715951818940176
847518150987225
193338735436900
663609388220689
888274899131481
859586873338944
745868708496409
577984923094489
940299110504209
819628286980801
379749833583241
266111326300561
299845414442025
385197618108304
22876792454961
966121557590016
157513569294481
350732403078201
424730633692036
158649895096900
24705661489441
742921970994025
547965953179191
201774127097284
406039103769744
556910157915136
589351122668025
940299110504209
587338472494489
192851796377881
818611008281641
517537748295936
773757616617001
152899877442361
723894845226436
768068401118209
690124826631529
887281275329289
598492237738201
987807121501201
859795987109284
91071807354025
362733279531364
961458234612100
732288736775556
695267416069776
160103115950596
739888144783225
913877749228921
855720281773809
288495490374025
6107575765201
743694896392900
714210765977284
870853025427961
322704254088841
409862899795041
997574323360000
176068669813569
629180366907024
428957740577025
953680012524100
276053041144336
118542925858564
355618770632449
360245410737424
346678258012804
777757611549636
215797363341849
120044629294144
837390249788416
311557871604004
526223367114481
637892055075625
374078342621025
150376067635264
896806817373289
264620689671556
904545986100241
114674863563225
281168372741776
215635274475625
766252874900529
764261616859524
728213971993600
421259944045924
691050584441281
367249122425025
747150234734401
976929722015625
299405540548921
333428659080841
280713806394256
638924454072025
491685300344484
420591394305625
88029561113649
498381380344849
362555415828544
297095070710916
808180237677121
160216027576609
924138416126025
995089106971089
782131498624996
237977766134784
83532141926464
173646532605001
826413121749604
95810249169441
467816020193025
97251608194129
55027361949849
518131542825009
126305433167761
819628286980801
747632266408225
705922335501601
826244498091961
438816944369764
143171299707241
282537169380964
423073723387536
995686217814016
892017200355649
929727181479184
902953158574041
933600447375376
959908180288225
67108864
659590703520004
145881514172164
810164057951161
785579434676100
392822648620516
972669138270736
999706081460641
165956229760000
69271862912784
134680713460804
483750684114889
420707233300201
434391006518401
461183828486481
461740289588449
99776505014761
998995116189456
940299110504209
384352770576889
53935114466809
410305414464009
743753147898244
514338583173156
749377047061504
628406479033369
916319032060644
12267071943844
428433201082384
611158248208225
404869651405129
4262354315209
977444011338201
391615365447076
8589934592
900787852344384
334828807595584
420707233300201
257374127037456
339444660352576
766826870506321
942049690637584
999706081460641
574126501917969
239881179657604
551594450658304
386547449856100
890434074580164
500973441294096
299770094376900
169224168287161
174534616434025
263043894202384
924776006616900
8589934592
939896837961169
922417564483584
42967448161936
4194304
30592447729936
67108864
774298463835961
34446158737225
873865668765961
338216154547716
853203769961104
901922045088289
100000000000000
656118388876864
229925484930436
596497924816249
495769501237924
420707233300201
636161441062081
944324848757161
911008619765621
906616917606400
43629076563361
473600443343769
90512066971089
967956419552004
231746396721961
385663612422400
603941044844944
315839043403321
378095861025
436826093148225
312125433053184
956021787838404
561119638465296
4194304
766767611543761
908562951494884
282566921814529
905764821989329
460991259079849
530758843545616
964983962484481
163032038560000
792015559558441
925306252809409
690642394565776
119713052291716
878913598511529
308415730409361
355842384526225
883145437724169
270075698640400
402159506827225
62199626782276
308935145055601
741009735592036
105197576888569
683358520830129
14038090601536
325342712233081
680221377750916
628104946728484
134714324222500
998995116189456
508726807030729
813581381129104
184131873030400
829457049687616
217573061128164
694180533457636
218874833547561
824923183618576
662695201379689
208500777477136
914049345096001
517912363105344
340354716177025
764116762446244
910465991297041
664762212378289
819628286980801
989151373903729
519972294015801
590490000000000
671296852903609
884039336374401
329969295813249
778306271255881
424699143732900
524830574090761
67419568527364
468389885128489
604555728921225
742248231758289
697010424912025
201952151514169
289501649503504
281895906539536
676947459749796
464914626010641
231085298220100
110438534532676
30946112303929
521788440750721
52757444418624
737589499642801
25171151931396
563269813689636
483636804161536
797459307019684
309535499891641
196205153655625
924179942507584
669958367670916
982346163129604
8589934592
813221513327521
777456614302281
402738350628964
404556341779396
528808933255716
334346929944336
629247241209601
138596818471225
355040183100100
140535216110025
877312943841961
238326872989921
649644923825689
596780780235409
286524717015681
396283313941956
28326824067025
1351982911504
664931153215081
922417564483584
496562661746596
613614331137600
643910620655236
607131275521156
965930285377561
58975365329764
853112813529025
985270890450625
61314913587456
976440503810304
399947561718721
998284530200881
482809037543056
256568283027001
67108864
509899393226304
98664687660100
793021983137316
493055452341904
801762500098921
852322742317489
47169698720400
275875589907009
788340166140816
521347213314841
175711806230689
96301543822225
18982229059600
999706081460641
421986089290000
701117581890625
997574323360000
578614736665744
364357050483321
145749578237041
179355975988225
150066983533489
966138715203984
721273149927841
161616682251025
385653557668096
752560436137225
946548294300625
134829881587129
811818282380625
255662383386916
369118081302916
296489243012769
72757556278416
861421854300121
812650759420900
367992476596900
976929722015625
666384589709476
17179869184
812506064178064
752752533104896
29656247520025
137185795217956
199024744557769
806738418665881
332902576201924
886804147472049
763744405877476
804621843344449
840074110977024
38478846609424
365491423908900
594285811368484
958468597212736
655014752681536
307635182779024
312565533507529
132185055974976
305378980209216
100000000000000
545462564419600
765740137440100
972695398444225
562949953421312
866450779607296
922417564483584
995686217814016
419690413404409
315986567072121
2845152550564
661333846153744
539247165116416
42842588430625
356548013185441
158607778105764
872784476641476
940299110504209
79077000875625
828544964784849
997574323360000
712853368070596
812222070240100
922352024322001
420707233300201
333709520927524
587957647674244
693676969711504
430076008499076
897143450236609
260713079078544
243701635014916
279470025065449
222013427013225
507851013802500
528988316064516
997574323360000
178728957792025
488864968104681
838927893919504
758794952490289
946094672857104
379749833583241
331931013612676
711663502788484
949854031368804
167350082740996
934130099585764
125811666896400
350603492399281
840610053212176
819628286980801
417473734366276
74793629085561
691978278030400
816745866082756
359720497757401
333092905193889
324540729420196
998284530200881
447479658301225
367780993798689
678526384034521
774588106204929
418028815737009
657055097883396
305989305502500
928164055666225
609701925932449
614060641381009
902830862556736
899463380013025
295413181257744
243954879093025
922417564483584
457916601828196
582310855929924
128667823257856
879540436760209
140679122237329
301001298673321
848627745638656
859540022675569
549755813888
48063355335076
279539172330625
22876792454961
462655148736400
756955759583241
884898763573504
995686217814016
457323442954884
82988255624521
186079936596544
132947241575625
407959486772049
137060147438361
318488282137600
525093741925776
466905750432004
534492229951744
497482869096976
324350698848121
576243673765776
205431563757456
528297307508961
508306108466025
639548694490000
610684871537521
278258029620624
691052897773225
119040908684569
787474553148529
457719666739456
199364459643904
627508612214884
846743536904164
981971030397889
57459447200401
589539378106624
928562347127041
547368464352649
226990442704804
872307482661904
325511093789476
431266752243369
492068053316449
677874493656529
851954872086756
615384371391364
274877906944
989144643448900
643876973322361
24819915477681
410411805856129
379749833583241
431528497213696
860509956802500
306567987500889
560054091673444
978974049450721
550352503725649
19368325694916
838180898433316
121398770008321
232965915294841
180927437159329
197879138570304
999706081460641
313844042334736
538843786834081
681056540643600
694312487036100
478531331378881
982000925567236
286895268108289
111425990334201
420707233300201
263700216844801
940299110504209
479124862544241
562895127118921
575768615242041
431283407508496
616893756323716
541073423170225
429316120803025
345512814600625
576072338271049
629696640375049
993492055444681
393209784112324
907160666715664
199615303446784
398565248881801
445611623535225
955540924830625
402765483484324
975890428170025
768204427683001
442834994886025
67108864
521075672634724
677771863538704
443334375027049
970845516659236
195763555351809
120665699222436
23131655773444
296196766695424
698316880570596
643897882270449
274877906944
358983503859600
119387593690369
450283137455376
389920470931216
914358657396496
728175653172900
791857517641369
988251960425625
703974723680484
179837004350224
242425460520324
810640320288516
228597798541401
503463484992064
714899200284801
942667699975236
22205761865401
195012231643684
679269126835264
855660314795584
756436956553201
845979573289984
992975892710400
331545721309609
176039956680025
516825571504804
644039686375969
119912070490969
870401400584356
664010541633604
790497422397796
296738314496836
89174951676001
960824981969329
936310673449636
712358982522916
63197730090000
590490000000000
421418244768676
101296495227456
21825958174276
753657380858041
454784670113761
392580884831716
918236354832225
681169232409961
322966473527824
284933724800400
577025928420496
275731637518561
467258632539556
73916146502500
317646532214881
737754144256900
426495604132900
631465535324484
535753101688281
815415495141361
463573540054564
54533173776964
912852681756304
571954249269225
43974391679761
482839756168225
976929722015625
394647705210564
779533044974161
192879571595881
326284613222500
150771311536609
981490952507536
998995116189456
308500348815684
35790485725225
373200771744025
474895796746816
341449677419449
536134991758921
902640553976529
325232405708401
271486618876201
892869917903041
809104428347121
60244499163289
235974944898576
350238311769025
999706081460641
279475943041156
996864495531921
649749378393124
274877906944
4194304
294162529461889
962531513694864
10882134220864
767938649430436
765495702413649
574695859024225
276629877253636
838226005249689
215629400705625
393073844688100
672121957849225
455997672226404
882727655397289
727328633078961
531730394118400
871050932199184
799138792135849
743173843276225
7947522148225
336082132846849
976929722015625
820014310635664
285094107172900
944299588973764
572813810393841
171277290417025
819628286980801
457759033252416
975821328183321
670506538127881
795459693171025
571489472975716
952814903290000
562949953421312
935373593518884
965513741762089
65479331124900
342788820906249
678051654330625
850552078179076
599344380843121
146153761611649
576752069329569
73558153326025
995686217814016
672228307697956
369927983854144
763236320999824
873674654608144
649400872389025
412445514571453
137259313555984
185120487598201
402140335512969
695060917824064
734956003845184
983038638781809
972327601180224
283963548083524
502908522086884
17179869184
997574323360000
998284530200881
2541865828329
897664517102500
222841183313956
500672756015524
284015789261824
460021637053225
569155781004196
920200333718416
572750627619681
415922169988900
944096170917904
895428300469264
198461290841641
726589438034329
235427840820964
15335557252096
17459553042369
239906023210000
619755448532544
245815832605225
930913493265625
94292761518916
483205466344225
619293983241924
851780160084529
972353295456400
430339715326161
690082216981056
190596551760241
152921220641424
997574323360000
127369055924100
565071660967696
67108864
707985451136016
333305670868921
536917995163081
790974844275625
451731920888196
996864495531921
754223619249424
151091788963600
22876792454961
711585554664721
507610903369284
997574323360000
819628286980801
384386570196841
73249462788100
940299110504209
737702972633344
732234345509241
556786506312976
22876792454961
571022448197776
398578585011489
154474845721681
672519555412324
316770156649444
265144393395025
199854146972484
225936191818276
996864495531921
963983520071056
605460009573409
885224406903841
976960603064161
83931451510921
23010882805156
970553397534436
981512882759236
161667334233409
667495072277476
105760038960900
309766531161528
225272452428241
940299110504209
705187091618881
623001400320016
773762289795889
486733035348729
100000000000000
845067225601600
27645438799449
887191558349121
173631405163329
869827847208336
975615042416569
258010781045796
235261268856441
739218664907776
207056156186916
467064928539225
941512519973776
441029652498436
681439386107236
233289119178025
875270449900900
803351157902500
888528250692481
181821168555664
873178682862409
569677414183056
31381059609
585086144610916
759355511636836
112661517609369
183783382828929
287683730182564
259820355675136
966152018676196
647149996574449
150191103541504
870626991819321
812073081634816
162951428849049
574892452917225
556914641723521
887435758819600
620818417747984
569346223394529
198852189438016
476837158203125
671766413260849
264749443681129
600549770417689
582506817091684
940299110504209
727387912216900
241605708156241
429197403726400
61607617298704
499111389321601
501399962209444
440425333333969
108703853140996
849888254982649
100000000000000
74642636322409
264047030226576
354053409118249
262339407641025
617476975639056
958468597212736
219540495976201
179198730299169
313541602895236
364471893775609
79384090550625
673374785685156
467803821485529
17179869184
367305619317961
998628889188100
998995116189456
549440585142201
748822318285924
972392585904100
569675361544129
998128832953329
450613082067201
186355889395729
731025378825361
209727252333369
484778452759225
476837158203125
417752312220100
881694618515649
734423983666564
590490000000000
323272920363264
931882831883536
501485010487321
791969912641600
58528252941376
142994720641600
321284509696921
761804823059344
360435123146641
379495490654736
486219610950544
274521985377025
885537254648484
656426366230761
324620324631729
23690940267556
605445442851601
90526224033729
590490000000000
138398895661636
413502708274756
951218909534569
488511311653264
957882815901124
377353507996921
772444345451689
995686217814016
443845581575449
699588693168121
486605172238641
511214496662809
185195899168900
869518199908836
668812268574025
266140559854225
620192530432225
493538748295824
692821520179009
941179995323649
343688440234896
963716587126225
911219529806569
31381059609
415450178934025
648450182149225
379749833583241
8589934592
996864495531921
31623887214144
778675574848081
668983311396
610573128809284
124948913583025
476837158203125
344678310084196
874919370689296
315075209128164
760696501848529
366490247284225
705408686939961
296900985564225
626632164194884
929664553140801
704270857762404
201224466700321
347168193002500
300790228323025
285277335924025
333682339116676
623477228664676
854901870077025
146946569111104
657466829725456
443301360606729
158935869078529
324554673190801
670866048770724
450235988125225
881948633664400
998995116189456
475119322861824
343353265682436
623363223021049
920892157902025
901952978331024
64732097731876
297941430560400
875952457092036
25735887033025
614033680768209
948319830219204
736426972547344
387659910624561
668823130408225
926153611603984
337394812256100
476837158203125
617611317093369
304434832659721
699446030549764
209682302728921
945898565855296
998828112394564
303333009265764
929530339240000
272416873563136
782887283095129
197662566799504
86654781411025
308704724300025
433519537761424
750449261360241
707383865762721
958468597212736
163275980646601
917499245062500
568504003995684
82159159660561
922417564483584
642127712577121
900548723612736
912747723241225
262345756862281
4798355965225
648814582041921
96834672692521
179714830162176
236301366177409
588410199380224
4194304
997574323360000
137327976564804
42163191635761
479883876687504
31381059609
894212972719236
571333999928836
482010388920225
107225507250625
239035223463696
403632007454025
156163112082576
375273686608324
225419295160900
475742622825625
274877906944
79897783365136
345611412253129
322538216503801
340804607279236
412529734045584
775781420239609
596493821707729
597408137660356
13875081155329
849226206288196
445310905916881
684227780431504
962870767565281
170331185107801
762453966779761
171884240074369
602874411357001
104626324147401
906154124531236
618753834306169
977046997578001
100000000000000
672641601562225
749011200788761
933893491628241
270555093176481
536121840033025
739909905651225
649890805617936
527769480418756
481278959201041
471267872777025
865297526083600
22876792454961
8012228425744
348457225006081
499141996688196
285772770184225
214872648346225
294540147757584
306286786104601
542207571193201
194619547273321
540714100627600
25027737689529
33871748163136
475903605496225
712931599206841
999706081460641
546129744397561
529015180108900
536282542950625
400483425974724
562949953421312
165613168570084
776607309905625
915652046426049
558418064218641
352215978386724
92983225413961
672761843148409
835493070580609
425080564020324
705239672209801
49337362691136
777573559620036
563388106696804
570932889216804
913676909413921
853243846074244
436806112608649
900612764264521
554976160116624
571611112392100
837340477690896
336917331774864
825678501482884
765407002680100
75862636727056
32794084998544
649385378607681
897172564159921
134945697591769
997574323360000
549755813888
374938200149041
61213192140996
235434039699600
988884249040900
739666963718761
995686217814016
85586570192601
237397897229284
2541865828329
531351920349184
600588686761921
240679634905609
374785942453321
168769510641424
638930419447329
425503244952900
80538814332964
196585104016161
776375300974144
269837918441536
22876792454961
144925987867441
252917877105664
43860579143824
850679063958409
210885579610000
949130522593444
274877906944
922417564483584
928181482177041
350957547967321
484923163782841
877426923260449
636178541856400
782442406397584
426111897980484
770622763368649
984572169119449
274877906944
236067675876036
508781391529489
501179918154304
957146169452841
922958921697121
324455235794881
4194304
939465655695616
120168381833956
242284977036036
104961807637569
534686679163849
820035787695289
850551844865284
528554169973636
562949953421312
835492319053456
995686217814016
201811885014601
68501561305489
189226463033521
184757904834624
913389351518224
17179869184
328559561468944
8589934592
635698949251041
476944934786761
906366720105625
616037364010000
319608510249604
220198740419025
999706081460641
371070180765124
371792824524900
781681412776356
324592902997444
307719202873329
424228417401636
999706081460641
767049028922500
753850551282921
590490000000000
8589934592
214444949435721
383571049900900
379749833583241
967174048734084
323921740726276
245011493982649
22876792454961
590953589154369
640964615963841
972005141938009
294805156951881
934952011690225
263819488435441
18845123163409
620124097048681
233243727637761
819628286980801
620908866949849
311735360048841
239181164423289
605644077166569
256320452220121
695106211927689
827795126702041
595200629866756
570809840707129
760086483351556
431166453644304
819628286980801
120944412385729
805276433476449
631436436303201
59602028455225
173966524191769
123475988400625
712773485961124
1213291235025
217803020938801
397149576246544
6439281805476
859493994168384
332399151121489
296629696689481
244265953580100
227080005042276
379749833583241
547879456580625
394252158254656
413769095929225
723728364840000
655738525041664
368026623360400
591963206126436
889774908519025
437982355968784
2541865828329
580824652892416
54346192328169
376775158025809
569676507202609
514853435305924
741097173610000
212624720865649
563234973735184
364384423388736
876607964444356
950185063805184
712357007460289
256493966054041
227906818275889
4194304
772345350374404
857862332968369
655042291314436
213438600573444
633310342572964
64384142704729
880584377828164
385828709805529
803903553295249
549755813888
933347836750564
485483230611856
8589934592
243145516079376
379749833583241
611385757678656
185353684465156
217839120871876
527677269885529
878745333162321
843838823601216
204921028693969
596897019538576
929028449281024
201899005919689
451715980539321
216748060637956
613177989029761
5266024427524
940299110504209
476837158203125
621117372100
785140966814689
715320219011841
331168259484841
559344400114369
425034959373376
854981752085041
467567967822400
808787982883204
662244983642641
166013922160321
930912211809316
715299732127744
441337408513024
940299110504209
917868762729801
57138677534169
257168530425625
44545492926081
838949211744400
683472082603401
238321346275600
476837158203125
439859178752400
9553495902129
296196766695424
877730568804324
752619747095056
336663415592100
99288490138321
709745172127849
241051894015716
554252413864356
361473825376225
897663798037444
2541865828329
675153757005841
922417564483584
968027854017316
304548848963584
234238127425600
52714381058089
441833169149584
982615977050436
736395059560000
625186113853284
352881747811609
833367313082404
788340783843649
640646518512016
138054886104976
420707233300201
996864495531921
995686217814016
342632909039716
325073976516864
227784310875625
663629481654049
721674334816009
873328801266769
8696394571225
266971842168529
46244583313569
50696578743409
932931171142084
132037059784644
100000000000000
598613585829561
428961137236129
608057305157124
746415949336996
239674550993476
789744155097769
342362822296401
677289486345796
699236850089569
56581913189025
290463337710225
90706404568081
490522342812121
833787396892129
76787470019716
583919677224900
4194304
282856526718921
166437116904601
49575300786729
74418124040836
22876792454961
937188525196225
165732949860361
473260837284481
922417564483584
945733785256225
74956738955536
631628783715076
741103924954176
226503944802304
35047548489409
827399279173401
974600174276569
449845562650969
629672751344961
424672312241241
556639416544849
280622066161284
481053944775364
566512592325625
739362281941089
309499187722921
466876018294596
91462904013376
43736530489600
152177907553681
177781048903936
502531304184100
999706081460641
627440928610441
260272011170704
696750769305369
545575142002500
387942421632516
242925359839969
418392992987649
345203171166736
722168179536969
68399863517241
998284530200881
442490114631601
296196766695424
561400944597801
453519062304169
109791732204025
208747709194816
626680728422464
965036088900900
998995116189456
590490000000000
719131322757376
46043349525625
910165664778304
296196766695424
134165495178289
25288557885529
274877906944
686620163019844
429530764815376
640772826607081
308865229491844
725337794953216
768231479226121
396335431830625
737427751895641
833555139536025
102864322262025
719721731416900
148205107298304
673412257235344
369468253504249
144899215433281
595296366500416
976929722015625
23712663289225
79317851287249
316084840500625
207716437841641
583477165393984
109128442959936
627709730706496
92150150663169
211294394768961
146687608669156
865699453318441
2541865828329
242186986520164
922741655015569
962128172912481
117531010333584
348053537253249
116112736415844
726696616350721
90820156661521
562366838775625
916245899358916
704329720502521
49728630733609
547492142102500
243224174157316
40249102031524
25780417263364
844168095994041
527729186135449
230458965765625
152246306248969
120982026667489
359669821591369
17179869184
477655624251556
842955619555204
296196766695424
549755813888
345544154637124
159699228230656
619956217166400
379749833583241
28332817288164
140138054592064
533203655987209
815402987888644
290979287353225
779388760476225
253585241409600
293525674373281
783192575994084
295443329056225
796893265572804
430977807600025
234372002679369
390281992869136
406403706534849
362138083565476
623203293121600
241905700809124
152178326979364
888357100302400
764357383116196
202401582157681
496705465872100
231635219667489
748027094807056
297391783992601
59076102465604
245249600239809
548739948189601
313749306220900
927451597728100
9846836893089
746367756551824
23864876158561
221640961287321
534589981924804
831354056570521
659910694880529
178647282810000
998284530200881
549751726836225
169615615606336
781352766425344
644722381435456
303918902892900
336536493394761
552130579456681
698359849397001
285483466817536
241715707689681
433618568720100
811026784875024
85009487963481
940708400740900
958468597212736
795809347068649
192608487695716
573287792278041
412057155254481
732523102346896
475303614528681
106672149024841
891059096475769
240351814784656
796283742250000
312933800304225
979073799924025
86548469678449
476837158203125
668661246495225
332937389751184
274137759095236
660914220895504
571875617594241
47622683044561
819628286980801
697925253975625
489639001772944
284873331432481
59873053621824
786181315155625
709605793034329
904015889858449
681723274848561
650392297784100
872067380839369
70631855084176
261700020351025
391688747512384
446312312471025
335951617814289
207056041071364
4194304
746919279870976
706606604977329
369811514874256
855012220510464
609704444533636
928826804755600
55764900408100
904470317294569
78157269235600
274694923609929
399973680432964
129748228741264
827282786850576
63603846940804
925035970675216
427324762267225
671494711636225
213280233349689
167734332610441
85835333149696
988470267362809
888407412394896
768750096153649
730919449812484
578874938432400
454865668656400
2541865828329
621987089829561
375961551913984
322795661245225
563207112040225
518259885763684
480747458810116
461749658466321
382920517406025
458737149422500
856862453917369
921185750485764
446900276480256
454918477277124
637806387819241
296382495672169
312145114481641
633181802914816
17179869184
405369499764100
943167363660900
525159234820609
844752310132129
12188603123524
12937840680241
481126062991396
757340823070276
318976599527056
986436269901889
3518227981636
307387083521764
999109915690000
797567071912900
483754291192225
614792223360016
47433758005089
858172710322225
608256318099609
244535253090129
758828889828801
7032022025616
948246724768225
940299110504209
9103960494729
703699130819584
275414204889664
974109167761284
246151279045681
544735761180625
944780197374729
526436864300944
417919928748100
369342055539076
145239327134784
183161847712900
954098382041289
296196766695424
791853015253689
952598224356100
566993151777924
539014044488976
74748474318400
997574323360000
975861750753796
553328376922489
660223106767249
996864495531921
235107696901284
173291791153156
32696198727481
787683179701636
536332564911025
679592969552016
17179869184
710462157014016
777092227387876
597617916750625
493494806556049
908970642739600
995686217814016
702195888042441
17592186044416
418594331938084
375890317427881
21256083226624
984459149192464
844775329470361
880861857586489
568514876602500
674974377312361
323645892805921
47821706024976
999706081460641
691904677254561
519399414992896
226972514278449
777772280867761
848285255363569
813874912851049
107920205056225
616159038147601
877150695892900
241977064694544
68890730401936
268693697150641
867971143822500
861947651513025
950393329402500
539833300581969
858587747582224
475406915453584
130321220252224
608512542794209
940299110504209
801237505087321
288127437616489
509660153527716
655676095705929
552730679550625
376981366656064
467819221298641
730749568464400
408780948862224
770320707641104
565637272596900
797688457337641
901924387587136
620556675450625
811708419307009
105116380906384
892687653538641
177870527649721
527583183934041
436165974160569
91050851791249
842241193617664
688660408675600
271794889357209
476837158203125
34712670928516
903719695448761
311269838551281
422822122644321
444846225938884
125477724435856
997574323360000
990989707440121
93121766601444
865480444064401
999706081460641
456645743071441
644590403776225
832144851180241
139255977658329
922417564483584
532235143129284
538492492004481
326371828903696
66396650715396
475347349261444
833105038146481
230547600234436
17592186044416
339344735801344
155902917959881
562949953421312
537049709994889
317985537958201
783452079765796
198743256202689
787801958196100
834098471462169
98320075259904
335185903134889
953366527169956
918279627190641
529834861132164
548885475173025
853857899397409
2541865828329
479929092256656
239614889291001
668335159048041
952012697218209
34864667246161
267542649006361
748301277169216
274877906944
910062429552081
884513816563729
685552421499136
923104631073769
879195559117824
231347567892996
679214708815504
478295019181849
894459393660196
977083569488896
590490000000000
318006294918361
421160528662416
255368933391289
584095317508096
994995041905764
426641376779401
100000000000000
480305971501456
295831847256169
973280012974096
879874466131684
308389072220100
18724123271044
673847564113476
932668450823641
955039106341849
384778197303696
557526260656036
935409376998369
954243748778896
73164928322500
188159106752100
32433059170009
365925297922276
212191458304849
431520977324889
4194304
905704089426724
62621440583641
301469393539876
29226868691344
995686217814016
303905932678404
39229691016321
48233913964096
256258337141041
625025500260100
847112084936100
503008455622500
958468597212736
948770411681689
919530238595049
436700825222544
554599674003600
422814144378025
741806232654400
282034271103376
661780461308836
211215617161081
507725047890025
580273995121129
768956893125184
226002153423424
53905595413849
205891132094649
619545950862400
281089501244176
623953438483600
526834792105924
393130945900900
244054976263081
981383247199369
999706081460641
63109026686161
691057734752529
435381567908401
157630812222321
270091475491600
926318868927169
562949953421312
594248562401796
136562385652081
389101070666025
449913054011716
896295998869209
104523244242921
693146049662889
411159973326400
681029139006225
634603661378281
969595968848896
419546898328336
549755813888
348357475649569
462108239870209
280884896063641
873656328751684
286153999391569
474804840860289
274180213158544
4194304
987533956052809
791939632182084
922417564483584
75226167583204
999706081460641
347574648369316
453576179939584
524123285400121
588235221180721
147238712566416
674344866358801
823701193038025
861329404315396
955523676110116
98512850532496
388332623708649
964901395631044
999281115742464
906114028585984
896916485662096
906521230297081
882016107947536
444693031360516
589647576675600
151941221685136
454198360324900
137410488617284
991183444760356
644574002725444
997574323360000
179925174677161
72987325600644
361653743702416
600661425476025
109269494772025
999706081460641
494402607047556
829563210975321
961902063586116
180755064252324
863463062406564
200002301675089
483278361189649
558412440085504
169424482211856
89673778701376
610513629113476
66623027017849
647770351476889
215633571074089
281730249571684
729526811140516
556783769142756
476837158203125
73140603763984
875227966399504
858742701793344
476896802693089
704805383445241
976929722015625
998284530200881
768944747401609
822734395122409
353509074574569
361524780578025
298827265597641
649534513925089
898121541192976
590490000000000
864404041761001
991294079341329
874820756962161
995686217814016
75631042885321
571088451066849
501580368080100
790287748771249
206920399633984
598803559434369
298212558644224
353145315049921
113683894930225
27989834653764
274877906944
934578642832641
239094936663025
146715127210404
731046900818641
882025017596836
635700109052836
163180543317796
200113333484164
131955350301124
179125138807696
672621216543364
693868089573376
330041960041249
88567523305024
623163251444644
382514699028289
730938807374400
531321355067281
675617802037201
100000000000000
896227381821249
136959366385296
302713822160929
136854364119529
183412036420900
865505568114576
472422005443441
832536638471521
929202985774561
249541607296996
83354745333924
475744629488041
306130906580409
967242095466256
412735589651025
711126755641600
17592186044416
11962073056129
903738273817600
645368957316769
972963821447424
944945694120961
281495411730625
197474020977025
565993029009664
644726037799936
41115129003664
508945478432400
875402818060849
205891132094649
69938481103929
684883084213441
128441807569089
781519149680896
308872294506169
740954313666576
27836292072121
694032469494016
31229275715856
107012342234329
46543176929536
944071467256516
814899465045136
240054088955041
420707233300201
80251174723204
882169300782225
544927862816100
570031478110224
711177797118889
388063011469225
227755485064900
136823786008900
411404510705881
616225117549924
328012957432384
695883137882409
995686217814016
4194304
714832304377104
996992623536100
167645861482969
637966665032004
677853300499456
431959608515044
515018725312576
290650158856225
507621087080704
666451192592656
250746116551225
20409595219204
798564694478769
694081471121476
753377223407524
277687762849156
258428644912656
797048647202500
639519612125625
972489942322441
450332284029156
443657635965124
265318457382801
673349666836324
410960227799716
902356840955025
84211217228889
448261671740481
595408410584064
205468687604041
220918103062596
847329631091329
226485644313600
702242421020449
917389900518025
434768955040996
178588905328656
409146254388496
585818609616100
878767921760400
596963914794025
371774198413809
118018043959321
690434587358884
443386215200644
196874433128025
288235743935049
535217999378841
40787790987024
505557866728996
273650600742544
358516350582784
466676949727849
271101625546896
832407667378576
819628286980801
845642270645041
702790597999204
8589934592
931440124406016
702851625799801
819628286980801
357429576132864
780633876910276
562949953421312
830890598479929
936548933929569
453474214064356
986927671314025
596169476562724
125679166691584
484398590029249
538874846287684
822847296649225
377206315240000
502884078455929
382258649662096
199254426294001
814846597888324
405183162822244
237792159501121
871434650885184
301379668884100
670969760711056
549755813888
184148563918225
608278317563401
954302751187681
881016790433329
190891665486025
248180544540009
997574323360000
371373714981481
200646998360064
754830236982276
795603313886481
397920749098401
921238562055744
499752373840164
413001445618969
823891715948196
955668285793225
453331165980625
98539134649344
203551683259716
123050167468804
727288234031524
976929722015625
34767415032100
982177610922369
537465306156804
419527521781641
172391543001616
740715554888100
377582959072036
657166606538121
346624971629689
596058630433344
680583117888144
185137685853961
974475678527649
8589934592
519683603764900
53656211001600
853554613941649
31381059609
900987990997444
999838565810176
341187482930121
456910845973729
138976394880625
493454287696561
998284530200881
379749833583241
817138070983129
562949953421312
551533200745536
281261040763921
442896865363225
770183439248041
22876792454961
119611888105284
418715461401444
661717179090496
940299110504209
192651096574161
273739043493721
565448402747281
467445890527009
708985626182656
341790318455184
331160397982969
615967274041344
662631206157376
634867290944329
17592186044416
916658459271424
296796886106436
494880155793604
327628932873529
678176649330625
976208219637561
676099843686400
86042376465409
915439030225729
831580239659689
465464616487641
506508197913169
17179869184
550037814823225
372181881344256
910813929933636
819686863270276
413496079167609
372949211243449
929480339264400
173180967710976
833773479018496
262346987842641
336408054444900
433185298114816
936188158284864
673253555236900
22876792454961
482419448474401
138782418554025
397787148938404
187177422438400
243910054464400
84648353806116
907771464528516
363460841493201
87951423010564
556245243861904
713466249002521
175460622284025
756706872321
22876792454961
530067047544225
155260770695424
890643445322500
388874850408100
588062839500049
664203354812449
571728556435716
516598213067209
266150478746161
614018119213321
542829281897809
266449502604961
495130809856225
97612700647396
914468425952041
956702449388449
205891132094649
318107521553761
367365110566441
992474859737761
922417564483584
313163280816400
912451793271489
8101617239556
955249633994769
571042664457001
7926606668929
328805725266001
455335508542464
605666521545849
631273966527556
452297921686209
852796811209225
733470851832889
571773414062656
476808057324225
461808710370225
41313231886369
338601180452161
958779080648964
89339302090809
339752743058689
764293298681025
266353562996964
439994715554601
840057937965009
91372664799025
274877906944
555685008912784
438301231566025
354246415459225
37183738035409
197388141161121
129805712619361
385969323794404
623290171008400
769069980516321
172447979483025
591912308245504
17025699740841
317076606156025
174384649208484
630951702037504
856527495453081
822753154138276
988461338438025
690147997166224
633610352737924
435057999505936
53109492715876
940105506099600
658587105354304
754733640877056
940299110504209
11349938647089
749890904466496
506010898238596
161893534140121
190212505980025
248214636819241
796649326650529
944015670126244
119986106869489
551730678146704
853700230986201
48278511579076
413893838273161
822485385148036
977842919430400
967532782725721
492707652486361
609822676489744
901031635461721
202454651566336
962466362944164
100000000000000
837472724252641
957463122295801
452118443507929
318775278609841
253019573614921
233671456851856
672921524814361
152183434150225
100000000000000
448146798792484
200434353210256
389801409205321
231447417852816
983749800825796
648402411280009
18022215486564
35334488495524
226459790113561
271147038370849
898976091384900
788785929720889
679336005605625
530283441517456
425462980576516
166074820548004
224601986172529
960751520064064
307209961088836
888344164840609
17179869184
443476848032100
905461600810321
31381059609
979151338463236
5190012985600
953999973872100
427702189245444
479168528400
974466875468304
279310096280329
726363138765625
375849332543556
318353057687401
891387065483236
361520331361344
433188170327929
808865396232481
671230474669456
713378800559104
536102297977689
998995116189456
731688001271824
752021477460100
27638540874169
721936228814641
394868881630864
696596624975689
838014146928676
886214675732164
764094703761169
881354721889161
28179705103936
680545864751076
235948923275641
430530006113089
426901631913604
485337246397641
759271411814400
491078319922369
215319672750625
974417241941649
719002984121361
316083311527824
982087166592900
15761519326084
358031298541225
434499183486736
927692444305936
398924843448609
284953373435844
123243768513441
618134607709969
554039844878601
31381059609
374155130748100
703933970316516
498776065557025
549755813888
463798606848256
864967216605625
159266040604225
274877906944
225063664502884
467517413866801
280229073121936
119111488820041
590490000000000
188772266471364
476837158203125
174111587668225
291294231214336
108698556739600
826584695148996
4194304
978836947776900
947982657112929
712249504128009
275496624844281
265966650378256
238710410465536
831869962728336
874373131179601
159315287904256
865895596618816
39626030396241
833291853572025
734405989205476
119405513762089
847610904882564
665926875302481
909314254806244
457164522536836
527200173505600
679753720535569
857955592592641
597033550432900
989825227174144
994477668915600
456035896870009
895482223802881
185619261614656
613921136514624
573563893249636
549755813888
67158369190441
193396054569481
100000000000000
47118861605124
8589934592
109577725971844
323828482705225
707056498405156
997864668288016
22876792454961
307329790118976
811337116640400
476837158203125
594694456504164
81138443105344
71771158029796
135485619149241
749994803477089
919094295298624
484830812227876
999706081460641
90089502419401
125033612876649
854172052393284
842370866187876
108300299868049
91132359190929
318485105514801
958468597212736
375350132342025
966497319331600
34828563874329
513800731811929
753170281826704
646098820488676
17179869184
610594725346225
603378993123076
87519149597889
440326241538304
483502707803025
398098505188836
99261946854841
819628286980801
349492069815849
124926759660096
882257397141124
714865885624576
278843074974025
767462248265881
554526765785664
999706081460641
149391412966084
561113716489921
35149685266089
583906966803889
708068097983401
759371770003401
949159420681761
275473288422544
731005803820161
777162533193225
388613881477264
997574323360000
819308587803489
449825244119056
191432294840836
177395174964484
262943088870400
939086728608484
361091243764801
449484733113025
29778150508096
947819542275684
809738984663569
274020745959184
644228410539025
553634782008025
713836187950369
820147472939089
811730926955664
867947103527364
37709915905600
811619531389969
254350505656900
745596610528225
862935334329121
559828487883025
644088260663236
264312289043856
801597599625001
139819557019024
940299110504209
45640239131536
514755099886225
123920043635844
20886398986896
368908426446121
783283923584100
160090412403856
668313081469504
556225479931489
476837158203125
745495637782756
819628286980801
704062495998976
880402303637476
786920875452100
922137258424369
314046919234161
850502849677924
424846381687204
360677186199009
827122874945536
263029167894276
132669438041284
21165759591876
109334941632225
617246099535844
289747939296256
850479052524676
921915594741969
257086590566400
346837173309225
706057100910225
382936524487696
856928259115569
28258877864464
505550671678116
686305600579225
333871794521281
267348431728849
477361671537664
379749833583241
590490000000000
526293656270281
125457562214656
9718706490256
197195401146384
184228690709569
383263627494400
208105436739600
637261807962025
10503627264900
202397627129104
677999836864900
476711372705841
596893452548409
126763527262761
898579101263481
236565870967204
48273495055569
933796131054084
861827401468609
344448730048900
714214133296225
303068719859161
389285882448241
540592353412164
483644589270241
789521375086929
602033403704161
974953288474564
59517614434756
489925155868009
118811155402809
79644986755216
712509789308641
595932903357169
379749833583241
724878836933476
973750402340676
819628286980801
385426692850369
579813410869225
304480792586884
343664303094225
906342816158784
166624441239481
261497359974400
203966012298889
385853813358244
4194304
679359671991841
977479277562225
92933783807089
195443196010000
208814146862409
502051735193121
653386754767761
976929722015625
184861467526129
543431067545664
31381059609
999706081460641
591661402976281
692806780215729
86181905463241
219770247622500
308802315763984
126799851175936
288991296065536
808447203438436
359724746220921
297098690375601
788689150632100
552576933372025
7860901912900
201926060984761
358193400296004
987653689133764
445183583191876
806799145724100
320566071200881
707576704898596
690822214549009
748797197777281
221761150372609
394579370016484
78974503297600
696324802393089
441464096036209
105444864763225
292047148035769
353868431354881
443620734037636
212175959520121
353759484165025
853266922397289
398806811141904
999706081460641
16260241695201
85107322481769
284535091676224
386390022121636
256480865600400
626779464798096
116894867874849
131626310068201
940299110504209
739854307269169
422677661883876
825743270591001
161048790250000
231946929878416
498350528422756
842753441006656
357266399826064
524458182706704
734079308834404
401325536338321
4194304
916792406816400
935700624922176
766969267524100
666993639488400
14361318274689
998284530200881
685287108084121
877762447227136
771140631597561
496215408947449
707152812599025
588503496146281
361023940396900
989949881513961
467560745661409
338834105057809
777017743501444
93182204466649
927733502203524
946153053679201
14623083072196
422718082091881
529045264968256
476837158203125
39727821606001
205891132094649
3398352145444
45767430416569
407874740336281
689162201106201
252938997251136
599116920228225
892917130394961
736328847744400
910474198624225
727173084025609
996864495531921
162044167337649
789597298851076
77990782275121
769375008512100
864168851769001
434531826812329
293841067254849
915083735623201
84271867560841
803469524509444
883526282188900
424740649722169
776834448062500
207101658114729
205891132094649
13035991870521
31049513139681
655799523267889
248870564999424
49942064980900
501959469420304
488274050261776
67108864
818628003528976
643148417257641
885771286848100
464299970759641
224954732277081
858530961888601
687686427698176
6669920899161
476630373041956
562949953421312
463590377260201
728038361338596
782236880376004
58798070640100
417052488390769
169498318799104
922417564483584
574246121145489
616217223580729
88490689488601
433846991052036
679876473462481
960747366605625
8589934592
102144515715649
999706081460641
357729106857984
502017767497009
746245423805049
589218725773584
875590766086689
717630322236129
354847977833281
655314842377924
71302335053041
672229707776449
666507420408025
645197592547600
63357779257600
586815838415524
491521226597284
561406157268121
981901527454864
695993936599809
390020947106704
403024736626576
309590112899929
22876792454961
6564735606276
475053453909841
870553345429881
415308776523876
223923570533776
189305485521889
984282635211841
48544161108496
590490000000000
335986920362916
907336209368484
349032704961889
379749833583241
317385020981809
393742347215364
819554310923881
701888745471489
819628286980801
870922552891609
853619357065225
817825871499025
555820797525904
116714747971600
420707233300201
64176345308196
869608198374400
100000000000000
206067115981444
322188283756816
905735027266624
334241506046529
249796065183844
968206078320100
246191068487529
788575753091281
520961771720569
65384786799396
36689102465409
49196027664144
711711735661476
358922004986169
744640019576649
385976710764100
730508135191396
671614436025625
268854787891264
645070798283536
484240489866225
387513083363904
660673459337761
673734078006544
296196766695424
432513711617296
82469464812900
219021322798161
75289374533025
207673404730884
503569846691044
586880567481924
649460198971081
635911513205796
626206381581456
29276215562500
236852469360144
607959265648900
113943050196921
192162723624729
999706081460641
228641526084609
558621213658561
641218674711616
234970086042756
93685983439104
976929722015625
828771168484996
993553330703761
184168539698641
122666323683289
904206283220529
579778544545281
398519093221249
933134910224049
100000000000000
301408348765456
970086397364100
922006200348025
185860161366916
599030324209216
715540297672225
522576902523481
957037766544729
250379702738881
434598868291225
597453942722641
139909650812281
271080715191841
998995116189456
944320054903681
949436531933184
150439914506025
203650081442404
174659484174400
531829784259225
611452322463844
272876171633296
933777490719529
67108864
812984325894400
213422442730225
815199629993401
180004270065489
356639410240201
941256509449216
901116526071609
141641703374224
16216133009476
254509791009769
896344080268036
388499631635236
583876617004521
998995116189456
17179869184
305701236050596
736182106920976
181937528050084
375610098319569
204416333035776
310907560070041
40185710208400
939474360515716
139617312464529
289671821983504
307058192501776
919953728286121
665822418496225
869952016512601
903264675227044
958468597212736
340802539662244
316374202921921
172661754966724
95852362938084
817465123274409
560011636639225
782983034003556
980015046156864
850716922370704
5681234329156
479529761756224
420707233300201
596285802833296
111161512275856
254782091991025
819628286980801
905364530204176
685046082358225
200875488033025
665976009993121
561490226766225
650907454100544
612995850115009
919178213474304
657092368918969
581442122098321
505702273230625
774981080064324
72014487238225
260944155982756
855049356465529
590490000000000
763894476326881
468446806151424
476837158203125
760272093673024
781340635005841
486601642784401
343291341903129
846728405565604
369461180005129
998284530200881
638249333378409
284833601556196
226719934357284
457623996053904
2541865828329
626611988063961
270167868262656
347444790896641
425683013975569
95053198727529
819778253332900
851424953980969
74773860307344
997574323360000
130466424396100
441089296519876
663483991461489
471312159575625
998284530200881
602113149544036
998995116189456
611890325997889
285331589681121
256033409089936
612944600567524
628225250194084
957581575384225
887897025355201
556444553711929
100000000000000
680460509867044
549755813888
143955843385600
720913371028900
978783010818064
922417564483584
356800516618896
902579565733444
562949953421312
184957144011025
702425918015761
420707233300201
131001324427561
8589934592
792571645717201
851962052415321
258722624710449
758809166413081
386960279745636
325575477510184
105126387709456
477946694208064
450483008422225
89485507863684
346749461864100
237347948022201
474108425988961
211745948529049
717456313890625
794828276904601
29005419806224
549755813888
915476729867716
181306171140004
296196766695424
619255460904336
674353280065969
87822275793316
661884549131689
996572338909156
40706824436100
828298242789241
635528822831809
103317141566016
626923427556721
565866184595364
179674186147600
84308334349849
316486697345329
22445640208489
689204572322436
513649643545600
442016396962596
448792954650756
474257981826225
162104562456841
389783008583929
610325759571984
496086217178049
67108864
663303284355625
598603799237161
83918296240249
890669230422724
845991149449329
7223650659225
831531101910961
845865270240169
942041526363025
729625183980625
322536312815616
225209058539089
206808127680625
121427352670464
689441266276
130913048092176
52757081247649
651099529289104
939276611664400
797808100777009
312618538964484
836449575987844
2541865828329
501332922916225
855449247748096
473076724606929
786613398263641
58165027560000
823503575349504
651707273559364
858952709331025
754181711092161
882785235736804
958468597212736
371845581756804
106591005301264
790731588002500
65979603665089
890372664626769
150152060859025
863205612490321
22876792454961
945310612777216
17179869184
962361009539136
429288522279841
2541865828329
296196766695424
946770253415424
562949953421312
985681878416041
476088660135936
592112603556496
875637874610041
155749676160841
844756611701809
306244919236
942010404227344
141146280250000
68024406831481
522327530324196
609831912300625
426607172289841
476837158203125
642095885631321
922714012459264
356475583674721
350038804536976
287973365369284
441039102866761
746565291282409
971639594845956
543335074583401
521885755142761
22876792454961
66207611881636
722739508954225
815375061081529
700188807688561
219560914137744
221187567885376
937431122545009
184920915664969
437909696869264
783583359368481
320117043994225
106686340472464
603203424040000
267818069061904
345573674310544
305118691716609
896983871196721
895322014612624
418992037797025
689010420984064
495251776588009
552010044071236
342068465078649
167480144553744
493317993042169
676416220048009
264135109990756
141108716608561
796094745952801
327433078292544
267789856289796
527593152604816
720463599151209
426421839200256
831605501180041
344280528820804
729021330156025
647484513644089
257093645539600
857808031489600
999706081460641
445265199310864
37975272358464
17592186044416
429439952122489
620605551745936
145341300954564
718086444208225
74912885179729
551127365114404
186787326344256
872466741852304
401891991995536
214871270446144
11999988810000
481790822670756
279535728139684
494332524288100
469564369880356
944199352141929
179644858823556
320987499183376
877048698840064
27929491546896
76337807596801
418411852393924
819628286980801
721625872979025
353083491546256
240819248795904
294477234594921
637173911228416
499697381703744
17179869184
873170822687296
371611326591729
499352028746596
946755607127236
159006980381209
727134630808356
783992048020164
500737155402649
590490000000000
549755813888
373492729921600
452559121792969
369951102896769
976328951465169
987512272885264
60453050824336
94556389928121
905271135500176
278209056160000
534989729724025
173650933918224
463874545836009
263477986320025
637194862512961
663913398311289
412516044661081
843285881178225
933377349000625
873573923888656
600156609632836
331680841379449
363861385672801
500524818697744
969083063749801
278735846907456
261422170788025
184294580364196
675172153605625
100000000000000
513493909443216
978279629161444
508555629187684
869540787552529
797046896816361
807133156987921
921515513712676
883471174437049
739744150304644
840198920854225
274877906944
957797768062864
809151874904025
355533236536921
272843960604121
200432512741561
296196766695424
831758924133361
287148784066225
639153079301529
76455245089161
996864495531921
520318636524036
38307682062400
833894065946176
930997339038001
743074070578225
13846614978816
17179869184
375033241350625
476837158203125
543247061290921
960665911041321
617392740117321
864423269957776
613178236654096
999706081460641
121265685684900
640291859312121
910087951216896
547364861388900
71430911725761
129827862005209
967813122993025
444375590927524
998284530200881
461613389336100
487430930754244
959700485615089
389993101587049
378565042735504
180217468740100
672613799170401
545292832468036
577740304540441
344851102407889
765458517620241
8550284783569
221341345227025
950936172586009
390702346180864
502685142850881
641054748645481
235106991573601
64347189588900
852481042609284
849057776851216
335977755452416
639171029276224
820165629669156
189839070804100
146614440318025
325159227037584
278235410552100
676800568882881
510411748182436
662754874688676
966246824109121
210258149078961
636505317109249
850055367292681
156304629774225
67108864
209581241640241
525894052464400
40086474006544
443046845547684
71081710414009
420707233300201
601269583598401
416955285987289
485432554461156
869048525977641
674848015198569
749111863928464
352798835043600
885928615289809
287994068870544
469232712768400
18413745183376
490660200024201
250938643327849
486584966286241
535726298560644
508468314774564
302435333486224
682945396634176
549755813888
17592186044416
533606997004225
789191253132304
254184127581409
198033398684356
451534450435600
776580891574401
458816571360016
592620647127601
830536835969296
562090174650481
606127904712225
614854014062500
553120030398016
342987807204900
173467101417481
89856104728516
232325361981729
813750647479225
718230566430976
311363846705025
271038831048049
905018175590400
269154211046400
609406446173281
991769116277956
871317755320464
750160443349249
112442207431129
297863519590729
541585053120400
872657210355984
369715637896081
959734067180625
141117245801284
782136532623616
418996295421201
570253397040441
463305004279441
624790767514225
863814128211225
661833816229161
895408790317924
582788750076324
860272950768100
468548926372081
269854082599696
551203195532089
778370159309796
379359527939716
202016162871121
770930320359424
711917544059089
406069128438649
426835186800100
954210386967616
223807015552761
770008443948676
950591628335556
732592444938025
502053169210849
629463741661456
549398065534564
70344452865600
831907400268025
989813775225636
677188097574244
297472806760000
310695582180481
310188215089921
74521333865476
193267494676624
631937445149956
907350306529536
473907342364569
379749833583241
63826757397225
765029187223921
874479822276025
794526756397201
802703697264676
4008064060225
900715582181776
970397386044804
193080501506281
367902628300944
711605134661184
893351663442121
388949395240000
906499251231876
737482824523225
8589934592
402541062857476
573974887119529
170067993984144
508323017840400
514595477981809
87557210554401
933590486512369
312223528343104
765380996870400
444923297172025
120151566508689
416800398176100
481499769268609
48631640902321
860043484944004
918477456670449
570511521056689
543867315247369
356910044395969
743178859348249
648598751630404
427108148894025
896652718105600
905324271200449
836208619921984
574012741024969
462526832434969
999706081460641
520205593856256
502539374412100
69617646750961
634630213329424
875301869421001
973219303710369
410372059400164
52598466150400
569504814490000
927784247121601
590490000000000
956037927938769
838145809759504
29525986823524
997574323360000
374641535324281
111476051801284
193282759448689
420867645773481
17592186044416
459557231045796
415806012907684
870954071348761
199100368545849
751388303800369
998995116189456
699749358106176
912304087914384
366553042080625
81601087022224
163253108918916
889762917263236
962571473912896
239250454804729
559858773982225
240017308370064
496403747214400
504153420196321
450383428173121
452578395732100
321667417437921
334486204193296
385471377230625
811319684538276
421235520104529
791351248093156
299031282535441
99798921183481
653628741674896
875380154406976
116914308286864
805575388675600
935219518286881
888665314040100
23170321365136
815061559814089
578976667820356
22404233022721
844063560883984
837378443250064
76574382961041
17592186044416
516977853699609
155929789224225
724904037617764
554073551880289
905102952935041
773858482529344
850357913844609
938227775294016
657155275801600
503900402571076
586666723209616
435231138493636
864437558939761
150589245933361
312401559763225
141572303309056
25640976670864
367952691860649
782801554345281
176258283012900
244866632686225
920538476502129
173362225890681
973403933134084
13607429880625
430796301230689
450097525112004
2541865828329
742875908062500
882703292764329
673685696167936
139564003865841
4194304
216889212211281
604949639084176
290967687950625
259155391676416
385777365958656
662409743731684
940299110504209
850483310324209
997574323360000
922741168989025
995686217814016
391196499001344
696980486550544
520501638395025
690942703352521
976929722015625
258346858141584
107632823141376
133143974672809
578288556712161
112250465108224
919197253246756
274475661232249
925700279654329
988988025312400
232868210400400
459893943839044
196020524537289
964684713271876
998284530200881
305353257409600
245114187391129
397695528713025
88449040420225
794908346186161
228578778667684
877709119336336
17592186044416
379749833583241
970941175285041
795569128047225
674892541945636
806796134880649
855922488359409
32894664039769
364260776270689
327519252885049
344785070055321
377516545146225
469976829744601
227589145979364
530464962830625
934707472956196
543992789264409
802839186729889
29864694819600
21631912624144
909871179293041
369561560832256
854156621017764
756058997061729
105543918730849
576966164814400
142517157183025
958468597212736
450027856099600
26457207333649
13412265500176
133499814940944
201505491639169
865581236660644
478047177204100
484318568403121
355127240832400
312785434719081
961805672792064
217614688629361
311586219758025
301776134607025
723953177078884
476837158203125
100000000000000
496820517459841
874958415452416
113181150427569
392744840119681
332089063802721
932659105723024
612143851054681
949015858822201
137163307882276
563352693442704
555616837968676
590490000000000
108235433947876
4194304
528218840592144
292032588059521
447191548785216
767471057879824
884715827453929
902159794200625
641614421951881
859618186008516
532123120026436
231769079873296
627039210644001
49631390952025
523660979649600
8589934592
528038209562724
728772947682025
511003837895236
964498303915129
545288255582464
385334191064761
397076361900625
138170009921476
976929722015625
974865987448336
866042439102801
192148556638756
303078294812736
451146988128841
183131749933924
363291529003264
264104134140961
406468300001481
499861115165476
552943467562500
819628286980801
594157590121104
687492857407225
601613512451721
395576259031801
794719344048289
211503182836201
293711249656036
379749833583241
132466541566921
720405300694689
972540711792225
467881947875241
819628286980801
997865679136144
857047991245924
790471050010489
474877317222400
652402192887225
54892540102500
193312762460416
576072194262016
29579261897124
648122696728516
755368991736529
337340003445124
601250359445649
293431692503104
55534524718201
56499906956164
725542170092100
54647296849161
554524363852281
293311076510929
335333189531025
618598874235904
305432316530884
410891791857156
608001873397636
505705556458404
74005604227801
74217070594489
820897564716100
305796532987521
371784456214369
548920758767364
999999961946176
